examples/malitounik/malitounik-bgkc/build/intermediates/manifest_merge_blame_file/debug/manifest-merger-blame-debug-report.txt
1<?xml version="1.0" encoding="utf-8"?>
2<manifest xmlns:android="http://schemas.android.com/apk/res/android"
3    xmlns:dist="http://schemas.android.com/apk/distribution"
4    package="by.carkva_gazeta.malitounik"
5    android:versionCode="43555"
6    android:versionName="3.6.2" >
7
8    <uses-sdk
9        android:minSdkVersion="14"
9-->src/main/AndroidManifest.xml
10        android:targetSdkVersion="29" />
10-->src/main/AndroidManifest.xml
11
12    <uses-permission android:name="android.permission.ACCESS_NETWORK_STATE" />
12-->src/main/AndroidManifest.xml:7:5-79
12-->src/main/AndroidManifest.xml:7:22-76
13    <uses-permission android:name="android.permission.VIBRATE" />
13-->src/main/AndroidManifest.xml:8:5-66
13-->src/main/AndroidManifest.xml:8:22-63
14    <uses-permission android:name="android.permission.WRITE_EXTERNAL_STORAGE" />
14-->src/main/AndroidManifest.xml:9:5-81
14-->src/main/AndroidManifest.xml:9:22-78
15    <uses-permission android:name="android.permission.RECEIVE_BOOT_COMPLETED" />
15-->src/main/AndroidManifest.xml:10:5-81
15-->src/main/AndroidManifest.xml:10:22-78
16    <uses-permission android:name="android.permission.QUICKBOOT_POWERON" />
16-->src/main/AndroidManifest.xml:11:5-76
16-->src/main/AndroidManifest.xml:11:22-73
17    <uses-permission android:name="android.permission.INTERNET" />
17-->src/main/AndroidManifest.xml:12:5-67
17-->src/main/AndroidManifest.xml:12:22-64
18
19    <dist:module dist:instant="true" />
19-->src/main/AndroidManifest.xml:14:5-40
19-->src/main/AndroidManifest.xml:14:18-37
20
21    <application
21-->src/main/AndroidManifest.xml:16:5-335:19
22        android:name="by.carkva_gazeta.malitounik.Malitounik"
22-->src/main/AndroidManifest.xml:17:9-35
23        android:allowBackup="true"
23-->src/main/AndroidManifest.xml:18:9-35
24        android:appComponentFactory="androidx.core.app.CoreComponentFactory"
24-->[androidx.core:core:1.1.0] AndroidManifest.xml:24:18-86
25        android:debuggable="true"
25-->[:biblijateka] AndroidManifest.xml:21:18-43
26        android:fullBackupContent="@xml/backup_descriptor"
26-->src/main/AndroidManifest.xml:19:9-59
27        android:hardwareAccelerated="true"
27-->[:resources] AndroidManifest.xml:23:9-43
28        android:icon="@mipmap/ic_launcher"
28-->src/main/AndroidManifest.xml:20:9-43
29        android:installLocation="internalOnly"
29-->src/main/AndroidManifest.xml:21:9-47
30        android:label="@string/app_name"
30-->src/main/AndroidManifest.xml:22:9-41
31        android:restoreAnyVersion="true"
31-->src/main/AndroidManifest.xml:23:9-41
32        android:roundIcon="@mipmap/ic_launcher_round"
32-->src/main/AndroidManifest.xml:24:9-54
33        android:theme="@style/AppTheme" >
33-->src/main/AndroidManifest.xml:25:9-40
34        <activity
34-->src/main/AndroidManifest.xml:27:9-134:20
35            android:name="by.carkva_gazeta.malitounik.SplashActivity"
35-->src/main/AndroidManifest.xml:28:13-43
36            android:label="@string/app_name"
36-->src/main/AndroidManifest.xml:29:13-45
37            android:theme="@style/SplashTheme" >
37-->src/main/AndroidManifest.xml:30:13-47
38            <intent-filter>
38-->src/main/AndroidManifest.xml:31:13-36:29
39                <action android:name="android.intent.action.MAIN" />
39-->src/main/AndroidManifest.xml:32:17-69
39-->src/main/AndroidManifest.xml:32:25-66
40
41                <category android:name="android.intent.category.LAUNCHER" />
41-->src/main/AndroidManifest.xml:34:17-77
41-->src/main/AndroidManifest.xml:34:27-74
42                <category android:name="android.intent.category.DEFAULT" />
42-->src/main/AndroidManifest.xml:35:17-76
42-->src/main/AndroidManifest.xml:35:27-73
43            </intent-filter>
44
45            <meta-data
45-->src/main/AndroidManifest.xml:38:13-40:53
46                android:name="android.app.shortcuts"
46-->src/main/AndroidManifest.xml:39:17-53
47                android:resource="@xml/shortcuts" />
47-->src/main/AndroidManifest.xml:40:17-50
48
49            <!--
50            <meta-data
51                android:name="android.support.PARENT_ACTIVITY"
52                android:value="by.carkva_gazeta.malitounikApp.bogashlugbovya" />
53            <intent-filter>
54                <action android:name="android.intent.action.VIEW" />
55                <category android:name="android.intent.category.DEFAULT" />
56                <data android:host="by.carkva_gazeta.malitounikApp" android:scheme="file" />
57                <data android:pathPattern=".*\\.fb2\\.zip"/>
58                <data android:pathPattern=".*\\.fb2"/>
59                <data android:pathPattern=".*\\.epub"/>
60                <data android:pathPattern=".*\\.zip"/>
61                <data android:pathPattern=".*\\.txt"/>
62                <data android:pathPattern=".*\\.html"/>
63                <data android:pathPattern=".*\\.xhtml"/>
64                <data android:pathPattern=".*\\.htm"/>
65                <data android:pathPattern=".*\\.chm"/>
66                <data android:pathPattern=".*\\.pdb"/>
67                <data android:pathPattern=".*\\.doc"/>
68                <data android:pathPattern=".*\\.prc"/>
69                <data android:pathPattern=".*\\.pml"/>
70                <data android:pathPattern=".*\\.mobi"/>
71                <data android:pathPattern=".*\\.azw"/>
72                <data android:pathPattern=".*\\.tcr"/>
73            </intent-filter>
74            <intent-filter>
75                <action android:name="android.intent.action.MAIN" />
76
77                <category android:name="android.intent.category.LAUNCHER" />
78            </intent-filter>
79            -->
80            <intent-filter>
80-->src/main/AndroidManifest.xml:71:13-80:29
81                <action android:name="android.intent.action.VIEW" />
81-->src/main/AndroidManifest.xml:72:17-69
81-->src/main/AndroidManifest.xml:72:25-66
82
83                <category android:name="android.intent.category.BROWSABLE" />
83-->src/main/AndroidManifest.xml:74:17-78
83-->src/main/AndroidManifest.xml:74:27-75
84                <category android:name="android.intent.category.DEFAULT" />
84-->src/main/AndroidManifest.xml:35:17-76
84-->src/main/AndroidManifest.xml:35:27-73
85
86                <data android:scheme="content" />
86-->src/main/AndroidManifest.xml:77:17-50
86-->src/main/AndroidManifest.xml:77:23-47
87                <data android:scheme="file" />
87-->src/main/AndroidManifest.xml:77:17-50
87-->src/main/AndroidManifest.xml:77:23-47
88                <data android:mimeType="application/pdf" />
88-->src/main/AndroidManifest.xml:77:17-50
88-->src/main/AndroidManifest.xml:79:23-57
89            </intent-filter>
90            <intent-filter>
90-->src/main/AndroidManifest.xml:81:13-90:29
91                <action android:name="android.intent.action.VIEW" />
91-->src/main/AndroidManifest.xml:72:17-69
91-->src/main/AndroidManifest.xml:72:25-66
92
93                <category android:name="android.intent.category.BROWSABLE" />
93-->src/main/AndroidManifest.xml:74:17-78
93-->src/main/AndroidManifest.xml:74:27-75
94                <category android:name="android.intent.category.DEFAULT" />
94-->src/main/AndroidManifest.xml:35:17-76
94-->src/main/AndroidManifest.xml:35:27-73
95
96                <data android:scheme="content" />
96-->src/main/AndroidManifest.xml:77:17-50
96-->src/main/AndroidManifest.xml:77:23-47
97                <data android:scheme="file" />
97-->src/main/AndroidManifest.xml:77:17-50
97-->src/main/AndroidManifest.xml:77:23-47
98                <data android:mimeType="application/epub+zip" />
98-->src/main/AndroidManifest.xml:77:17-50
98-->src/main/AndroidManifest.xml:79:23-57
99            </intent-filter>
100            <!--
101            <intent-filter>
102                <action android:name="android.intent.action.VIEW" />
103
104                <category android:name="android.intent.category.BROWSABLE" />
105                <category android:name="android.intent.category.DEFAULT" />
106
107                <data android:scheme="content" />
108                <data android:scheme="file" />
109                <data android:mimeType="application/fb2" />
110            </intent-filter>
111            -->
112            <intent-filter>
112-->src/main/AndroidManifest.xml:101:13-112:29
113                <action android:name="android.intent.action.VIEW" />
113-->src/main/AndroidManifest.xml:72:17-69
113-->src/main/AndroidManifest.xml:72:25-66
114
115                <category android:name="android.intent.category.BROWSABLE" />
115-->src/main/AndroidManifest.xml:74:17-78
115-->src/main/AndroidManifest.xml:74:27-75
116                <category android:name="android.intent.category.DEFAULT" />
116-->src/main/AndroidManifest.xml:35:17-76
116-->src/main/AndroidManifest.xml:35:27-73
117
118                <data android:scheme="content" />
118-->src/main/AndroidManifest.xml:77:17-50
118-->src/main/AndroidManifest.xml:77:23-47
119                <data android:scheme="file" />
119-->src/main/AndroidManifest.xml:77:17-50
119-->src/main/AndroidManifest.xml:77:23-47
120                <data android:host="*" />
120-->src/main/AndroidManifest.xml:77:17-50
120-->src/main/AndroidManifest.xml:109:23-39
121                <data android:pathPattern=".*\\.fb2.zip" />
121-->src/main/AndroidManifest.xml:77:17-50
121-->src/main/AndroidManifest.xml:110:23-57
122                <data android:mimeType="application/zip" />
122-->src/main/AndroidManifest.xml:77:17-50
122-->src/main/AndroidManifest.xml:79:23-57
123            </intent-filter>
124
125            <!--
126            <intent-filter>
127                <action android:name="android.intent.action.VIEW" />
128
129                <category android:name="android.intent.category.DEFAULT" />
130                <category android:name="android.intent.category.BROWSABLE" />
131
132                <data android:host="m.carkva-gazeta.by" />
133                <data android:scheme="bgkc" />
134                <data android:pathPrefix="/caliandar" />
135            </intent-filter>
136            <intent-filter>
137                <action android:name="android.intent.action.VIEW" />
138
139                <category android:name="android.intent.category.DEFAULT" />
140                <category android:name="android.intent.category.BROWSABLE" />
141
142                <data android:host="m.carkva-gazeta.by" />
143                <data android:scheme="bgkc" />
144                <data android:pathPrefix="/biblija" />
145            </intent-filter>
146            -->
147        </activity>
148        <activity
148-->src/main/AndroidManifest.xml:136:9-139:59
149            android:name="by.carkva_gazeta.malitounik.MainActivity"
149-->src/main/AndroidManifest.xml:137:13-41
150            android:label="@string/app_name"
150-->src/main/AndroidManifest.xml:138:13-45
151            android:theme="@style/AppTheme.NoActionBar" />
151-->src/main/AndroidManifest.xml:139:13-56
152        <activity
152-->src/main/AndroidManifest.xml:140:9-147:20
153            android:name="by.carkva_gazeta.malitounik.onas"
153-->src/main/AndroidManifest.xml:141:13-33
154            android:label="@string/PRA_NAS"
154-->src/main/AndroidManifest.xml:142:13-44
155            android:theme="@style/AppTheme.NoActionBar" >
155-->src/main/AndroidManifest.xml:143:13-56
156            <meta-data
156-->src/main/AndroidManifest.xml:144:13-146:76
157                android:name="android.support.PARENT_ACTIVITY"
157-->src/main/AndroidManifest.xml:145:17-63
158                android:value="by.carkva_gazeta.malitounik.MainActivity" />
158-->src/main/AndroidManifest.xml:146:17-73
159        </activity>
160        <activity
160-->src/main/AndroidManifest.xml:149:9-152:59
161            android:name="by.carkva_gazeta.malitounik.caliandar_mun"
161-->src/main/AndroidManifest.xml:150:13-42
162            android:label="@string/kaliandar"
162-->src/main/AndroidManifest.xml:151:13-46
163            android:theme="@style/AppTheme.NoActionBar" />
163-->src/main/AndroidManifest.xml:152:13-56
164        <activity
164-->src/main/AndroidManifest.xml:154:9-161:20
165            android:name="by.carkva_gazeta.malitounik.pasxa"
165-->src/main/AndroidManifest.xml:155:13-34
166            android:label="@string/pascha_kaliandar_bel"
166-->src/main/AndroidManifest.xml:156:13-57
167            android:theme="@style/AppTheme.NoActionBar" >
167-->src/main/AndroidManifest.xml:157:13-56
168            <meta-data
168-->src/main/AndroidManifest.xml:144:13-146:76
169                android:name="android.support.PARENT_ACTIVITY"
169-->src/main/AndroidManifest.xml:145:17-63
170                android:value="by.carkva_gazeta.malitounik.MainActivity" />
170-->src/main/AndroidManifest.xml:146:17-73
171        </activity>
172        <activity
172-->src/main/AndroidManifest.xml:162:9-170:20
173            android:name="by.carkva_gazeta.malitounik.sabytie"
173-->src/main/AndroidManifest.xml:163:13-36
174            android:label="@string/sabytie"
174-->src/main/AndroidManifest.xml:164:13-44
175            android:theme="@style/AppTheme.NoActionBar"
175-->src/main/AndroidManifest.xml:166:13-56
176            android:windowSoftInputMode="adjustPan" >
176-->src/main/AndroidManifest.xml:165:13-52
177            <meta-data
177-->src/main/AndroidManifest.xml:144:13-146:76
178                android:name="android.support.PARENT_ACTIVITY"
178-->src/main/AndroidManifest.xml:145:17-63
179                android:value="by.carkva_gazeta.malitounik.MainActivity" />
179-->src/main/AndroidManifest.xml:146:17-73
180        </activity>
181        <activity
181-->src/main/AndroidManifest.xml:171:9-178:20
182            android:name="by.carkva_gazeta.malitounik.Help"
182-->src/main/AndroidManifest.xml:172:13-33
183            android:label="@string/help"
183-->src/main/AndroidManifest.xml:173:13-41
184            android:theme="@style/AppTheme.NoActionBar" >
184-->src/main/AndroidManifest.xml:174:13-56
185            <meta-data
185-->src/main/AndroidManifest.xml:144:13-146:76
186                android:name="android.support.PARENT_ACTIVITY"
186-->src/main/AndroidManifest.xml:145:17-63
187                android:value="by.carkva_gazeta.malitounik.MainActivity" />
187-->src/main/AndroidManifest.xml:146:17-73
188        </activity>
189        <activity
189-->src/main/AndroidManifest.xml:179:9-186:20
190            android:name="by.carkva_gazeta.malitounik.SettingsActivity"
190-->src/main/AndroidManifest.xml:180:13-45
191            android:label="@string/tools_item"
191-->src/main/AndroidManifest.xml:181:13-47
192            android:theme="@style/AppTheme.NoActionBar" >
192-->src/main/AndroidManifest.xml:182:13-56
193            <meta-data
193-->src/main/AndroidManifest.xml:144:13-146:76
194                android:name="android.support.PARENT_ACTIVITY"
194-->src/main/AndroidManifest.xml:145:17-63
195                android:value="by.carkva_gazeta.malitounik.MainActivity" />
195-->src/main/AndroidManifest.xml:146:17-73
196        </activity>
197        <activity
197-->src/main/AndroidManifest.xml:187:9-194:20
198            android:name="by.carkva_gazeta.malitounik.naviny"
198-->src/main/AndroidManifest.xml:188:13-35
199            android:configChanges="orientation|keyboardHidden|screenSize"
199-->src/main/AndroidManifest.xml:189:13-74
200            android:theme="@style/AppTheme.NoActionBar" >
200-->src/main/AndroidManifest.xml:190:13-56
201            <meta-data
201-->src/main/AndroidManifest.xml:144:13-146:76
202                android:name="android.support.PARENT_ACTIVITY"
202-->src/main/AndroidManifest.xml:145:17-63
203                android:value="by.carkva_gazeta.malitounik.MainActivity" />
203-->src/main/AndroidManifest.xml:146:17-73
204        </activity>
205        <activity
205-->src/main/AndroidManifest.xml:195:9-202:20
206            android:name="by.carkva_gazeta.malitounik.navinyView"
206-->src/main/AndroidManifest.xml:196:13-39
207            android:configChanges="orientation|keyboardHidden|screenSize"
207-->src/main/AndroidManifest.xml:197:13-74
208            android:theme="@style/AppTheme.NoActionBar" >
208-->src/main/AndroidManifest.xml:198:13-56
209            <meta-data
209-->src/main/AndroidManifest.xml:144:13-146:76
210                android:name="android.support.PARENT_ACTIVITY"
210-->src/main/AndroidManifest.xml:145:17-63
211                android:value="by.carkva_gazeta.malitounik.MainActivity" />
211-->src/main/AndroidManifest.xml:146:17-73
212        </activity>
213        <activity
213-->src/main/AndroidManifest.xml:203:9-211:20
214            android:name="by.carkva_gazeta.malitounik.search_sviatyia"
214-->src/main/AndroidManifest.xml:204:13-44
215            android:label="@string/search_svityia"
215-->src/main/AndroidManifest.xml:205:13-51
216            android:theme="@style/AppTheme.NoActionBar"
216-->src/main/AndroidManifest.xml:206:13-56
217            android:windowSoftInputMode="stateVisible|adjustPan" >
217-->src/main/AndroidManifest.xml:207:13-65
218            <meta-data
218-->src/main/AndroidManifest.xml:144:13-146:76
219                android:name="android.support.PARENT_ACTIVITY"
219-->src/main/AndroidManifest.xml:145:17-63
220                android:value="by.carkva_gazeta.malitounik.MainActivity" />
220-->src/main/AndroidManifest.xml:146:17-73
221        </activity>
222        <activity
222-->src/main/AndroidManifest.xml:212:9-219:20
223            android:name="by.carkva_gazeta.malitounik.Malitvy_paslia_prychascia"
223-->src/main/AndroidManifest.xml:213:13-54
224            android:label="@string/pasliaPrychscia"
224-->src/main/AndroidManifest.xml:214:13-52
225            android:theme="@style/AppTheme.NoActionBar" >
225-->src/main/AndroidManifest.xml:215:13-56
226            <meta-data
226-->src/main/AndroidManifest.xml:144:13-146:76
227                android:name="android.support.PARENT_ACTIVITY"
227-->src/main/AndroidManifest.xml:145:17-63
228                android:value="by.carkva_gazeta.malitounik.MainActivity" />
228-->src/main/AndroidManifest.xml:146:17-73
229        </activity>
230        <activity
230-->src/main/AndroidManifest.xml:220:9-227:20
231            android:name="by.carkva_gazeta.malitounik.Ton_niadzelny"
231-->src/main/AndroidManifest.xml:221:13-42
232            android:label="@string/ton_n"
232-->src/main/AndroidManifest.xml:222:13-42
233            android:theme="@style/AppTheme.NoActionBar" >
233-->src/main/AndroidManifest.xml:223:13-56
234            <meta-data
234-->src/main/AndroidManifest.xml:144:13-146:76
235                android:name="android.support.PARENT_ACTIVITY"
235-->src/main/AndroidManifest.xml:145:17-63
236                android:value="by.carkva_gazeta.malitounik.MainActivity" />
236-->src/main/AndroidManifest.xml:146:17-73
237        </activity>
238        <activity
238-->src/main/AndroidManifest.xml:228:9-235:20
239            android:name="by.carkva_gazeta.malitounik.Ton_na_kozny_dzen"
239-->src/main/AndroidManifest.xml:229:13-46
240            android:label="@string/ton_sh"
240-->src/main/AndroidManifest.xml:230:13-43
241            android:theme="@style/AppTheme.NoActionBar" >
241-->src/main/AndroidManifest.xml:231:13-56
242            <meta-data
242-->src/main/AndroidManifest.xml:144:13-146:76
243                android:name="android.support.PARENT_ACTIVITY"
243-->src/main/AndroidManifest.xml:145:17-63
244                android:value="by.carkva_gazeta.malitounik.MainActivity" />
244-->src/main/AndroidManifest.xml:146:17-73
245        </activity>
246        <activity
246-->src/main/AndroidManifest.xml:236:9-244:20
247            android:name="by.carkva_gazeta.malitounik.Widget_config"
247-->src/main/AndroidManifest.xml:237:13-42
248            android:excludeFromRecents="true"
248-->src/main/AndroidManifest.xml:238:13-46
249            android:taskAffinity=""
249-->src/main/AndroidManifest.xml:239:13-36
250            android:theme="@style/Theme.Transparent" >
250-->src/main/AndroidManifest.xml:240:13-53
251            <intent-filter>
251-->src/main/AndroidManifest.xml:241:13-243:29
252                <action android:name="android.appwidget.action.APPWIDGET_CONFIGURE" />
252-->src/main/AndroidManifest.xml:242:17-87
252-->src/main/AndroidManifest.xml:242:25-84
253            </intent-filter>
254        </activity>
255        <activity
255-->src/main/AndroidManifest.xml:245:9-248:59
256            android:name="by.carkva_gazeta.malitounik.help_text"
256-->src/main/AndroidManifest.xml:246:13-38
257            android:label="Даведка"
257-->src/main/AndroidManifest.xml:247:13-36
258            android:theme="@style/AppTheme.NoActionBar" />
258-->src/main/AndroidManifest.xml:248:13-56
259        <activity
259-->src/main/AndroidManifest.xml:249:9-255:20
260            android:name="by.carkva_gazeta.malitounik.novy_zapaviet2"
260-->src/main/AndroidManifest.xml:250:13-43
261            android:theme="@style/AppTheme.NoActionBar" >
261-->src/main/AndroidManifest.xml:251:13-56
262            <meta-data
262-->src/main/AndroidManifest.xml:144:13-146:76
263                android:name="android.support.PARENT_ACTIVITY"
263-->src/main/AndroidManifest.xml:145:17-63
264                android:value="by.carkva_gazeta.malitounik.MainActivity" />
264-->src/main/AndroidManifest.xml:146:17-73
265        </activity>
266        <activity
266-->src/main/AndroidManifest.xml:256:9-262:20
267            android:name="by.carkva_gazeta.malitounik.stary_zapaviet2"
267-->src/main/AndroidManifest.xml:257:13-44
268            android:theme="@style/AppTheme.NoActionBar" >
268-->src/main/AndroidManifest.xml:258:13-56
269            <meta-data
269-->src/main/AndroidManifest.xml:144:13-146:76
270                android:name="android.support.PARENT_ACTIVITY"
270-->src/main/AndroidManifest.xml:145:17-63
271                android:value="by.carkva_gazeta.malitounik.MainActivity" />
271-->src/main/AndroidManifest.xml:146:17-73
272        </activity>
273
274        <!-- android:icon="@drawable/book_icon" -->
275        <activity
275-->src/main/AndroidManifest.xml:265:9-271:20
276            android:name="by.carkva_gazeta.malitounik.novy_zapaviet_sinaidal2"
276-->src/main/AndroidManifest.xml:266:13-52
277            android:theme="@style/AppTheme.NoActionBar" >
277-->src/main/AndroidManifest.xml:267:13-56
278            <meta-data
278-->src/main/AndroidManifest.xml:144:13-146:76
279                android:name="android.support.PARENT_ACTIVITY"
279-->src/main/AndroidManifest.xml:145:17-63
280                android:value="by.carkva_gazeta.malitounik.MainActivity" />
280-->src/main/AndroidManifest.xml:146:17-73
281        </activity>
282        <activity
282-->src/main/AndroidManifest.xml:272:9-278:20
283            android:name="by.carkva_gazeta.malitounik.stary_zapaviet_sinaidal2"
283-->src/main/AndroidManifest.xml:273:13-53
284            android:theme="@style/AppTheme.NoActionBar" >
284-->src/main/AndroidManifest.xml:274:13-56
285            <meta-data
285-->src/main/AndroidManifest.xml:144:13-146:76
286                android:name="android.support.PARENT_ACTIVITY"
286-->src/main/AndroidManifest.xml:145:17-63
287                android:value="by.carkva_gazeta.malitounik.MainActivity" />
287-->src/main/AndroidManifest.xml:146:17-73
288        </activity>
289        <activity
289-->src/main/AndroidManifest.xml:280:9-287:20
290            android:name="by.carkva_gazeta.malitounik.nadsanContent"
290-->src/main/AndroidManifest.xml:281:13-42
291            android:label="@string/title_psalter"
291-->src/main/AndroidManifest.xml:282:13-50
292            android:theme="@style/AppTheme.NoActionBar" >
292-->src/main/AndroidManifest.xml:283:13-56
293            <meta-data
293-->src/main/AndroidManifest.xml:144:13-146:76
294                android:name="android.support.PARENT_ACTIVITY"
294-->src/main/AndroidManifest.xml:145:17-63
295                android:value="by.carkva_gazeta.malitounik.MainActivity" />
295-->src/main/AndroidManifest.xml:146:17-73
296        </activity>
297
298        <meta-data
298-->src/main/AndroidManifest.xml:289:9-291:82
299            android:name="com.google.android.backup.api_key"
299-->src/main/AndroidManifest.xml:290:13-61
300            android:value="AEdPqrEAAAAInlVmnTmpjY-SZQXQdB2RUIqzm6pXcrryjHH1FQ" />
300-->src/main/AndroidManifest.xml:291:13-79
301
302        <provider
302-->src/main/AndroidManifest.xml:292:9-302:20
303            android:name="androidx.core.content.FileProvider"
303-->src/main/AndroidManifest.xml:293:13-62
304            android:authorities="by.carkva_gazeta.malitounik.fileprovider"
304-->src/main/AndroidManifest.xml:294:13-75
305            android:exported="false"
305-->src/main/AndroidManifest.xml:295:13-37
306            android:grantUriPermissions="true" >
306-->src/main/AndroidManifest.xml:296:13-47
307            <meta-data
307-->src/main/AndroidManifest.xml:298:13-301:52
308                android:name="android.support.FILE_PROVIDER_PATHS"
308-->src/main/AndroidManifest.xml:299:17-67
309                android:resource="@xml/file_path" />
309-->src/main/AndroidManifest.xml:300:17-50
310        </provider>
311
312        <receiver android:name="by.carkva_gazeta.malitounik.ReceiverBroad" />
312-->src/main/AndroidManifest.xml:304:9-51
312-->src/main/AndroidManifest.xml:304:19-48
313        <receiver
313-->src/main/AndroidManifest.xml:305:9-313:20
314            android:name="by.carkva_gazeta.malitounik.ReceiverBoot"
314-->src/main/AndroidManifest.xml:306:13-41
315            android:exported="false" >
315-->src/main/AndroidManifest.xml:307:13-37
316            <intent-filter>
316-->src/main/AndroidManifest.xml:308:13-312:29
317                <action android:name="android.intent.action.BOOT_COMPLETED" />
317-->src/main/AndroidManifest.xml:309:17-79
317-->src/main/AndroidManifest.xml:309:25-76
318                <action android:name="android.intent.action.QUICKBOOT_POWERON" />
318-->src/main/AndroidManifest.xml:310:17-82
318-->src/main/AndroidManifest.xml:310:25-79
319                <action android:name="com.htc.intent.action.QUICKBOOT_POWERON" />
319-->src/main/AndroidManifest.xml:311:17-82
319-->src/main/AndroidManifest.xml:311:25-79
320            </intent-filter>
321        </receiver>
322        <receiver android:name="by.carkva_gazeta.malitounik.Widget" >
322-->src/main/AndroidManifest.xml:314:9-321:20
322-->src/main/AndroidManifest.xml:314:19-41
323            <intent-filter>
323-->src/main/AndroidManifest.xml:315:13-317:29
324                <action android:name="android.appwidget.action.APPWIDGET_UPDATE" />
324-->src/main/AndroidManifest.xml:316:17-84
324-->src/main/AndroidManifest.xml:316:25-81
325            </intent-filter>
326
327            <meta-data
327-->src/main/AndroidManifest.xml:318:13-320:59
328                android:name="android.appwidget.provider"
328-->src/main/AndroidManifest.xml:319:17-58
329                android:resource="@xml/widget_metadata" />
329-->src/main/AndroidManifest.xml:320:17-56
330        </receiver>
331        <receiver android:name="by.carkva_gazeta.malitounik.Widget_mun" >
331-->src/main/AndroidManifest.xml:322:9-329:20
331-->src/main/AndroidManifest.xml:322:19-45
332            <intent-filter>
332-->src/main/AndroidManifest.xml:315:13-317:29
333                <action android:name="android.appwidget.action.APPWIDGET_UPDATE" />
333-->src/main/AndroidManifest.xml:316:17-84
333-->src/main/AndroidManifest.xml:316:25-81
334            </intent-filter>
335
336            <meta-data
336-->src/main/AndroidManifest.xml:318:13-320:59
337                android:name="android.appwidget.provider"
337-->src/main/AndroidManifest.xml:319:17-58
338                android:resource="@xml/widget_mun_metadata" />
338-->src/main/AndroidManifest.xml:320:17-56
339        </receiver>
340        <receiver android:name="by.carkva_gazeta.malitounik.ReceiverUpdate" >
340-->src/main/AndroidManifest.xml:330:9-334:20
340-->src/main/AndroidManifest.xml:330:19-49
341            <intent-filter>
341-->src/main/AndroidManifest.xml:331:13-333:29
342                <action android:name="android.intent.action.UPDATE" />
342-->src/main/AndroidManifest.xml:332:17-71
342-->src/main/AndroidManifest.xml:332:25-68
343            </intent-filter>
344        </receiver>
345        <!-- The activity will be merged into the manifest of the hosting app. -->
346        <activity
346-->[com.google.android.play:core:1.6.4] AndroidManifest.xml:8:5-271
347            android:name="com.google.android.play.core.missingsplits.PlayCoreMissingSplitsActivity"
347-->[com.google.android.play:core:1.6.4] AndroidManifest.xml:8:15-102
348            android:enabled="false"
348-->[com.google.android.play:core:1.6.4] AndroidManifest.xml:8:103-126
349            android:exported="false"
349-->[com.google.android.play:core:1.6.4] AndroidManifest.xml:8:127-151
350            android:launchMode="singleInstance"
350-->[com.google.android.play:core:1.6.4] AndroidManifest.xml:8:204-239
351            android:process=":playcore_missing_splits_activity"
351-->[com.google.android.play:core:1.6.4] AndroidManifest.xml:8:152-203
352            android:stateNotNeeded="true" />
352-->[com.google.android.play:core:1.6.4] AndroidManifest.xml:8:240-269
353        <activity
353-->[com.google.android.play:core:1.6.4] AndroidManifest.xml:9:5-278
354            android:name="com.google.android.play.core.common.PlayCoreDialogWrapperActivity"
354-->[com.google.android.play:core:1.6.4] AndroidManifest.xml:9:15-95
355            android:enabled="false"
355-->[com.google.android.play:core:1.6.4] AndroidManifest.xml:9:96-119
356            android:exported="false"
356-->[com.google.android.play:core:1.6.4] AndroidManifest.xml:9:120-144
357            android:process=":playcore_dialog_wrapper_activity"
357-->[com.google.android.play:core:1.6.4] AndroidManifest.xml:9:175-226
358            android:stateNotNeeded="true"
358-->[com.google.android.play:core:1.6.4] AndroidManifest.xml:9:145-174
359            android:theme="@style/Theme.PlayCore.Transparent" />